Apr 15, 2026 11:35:59 PM java.util.logging.LogManager$RootLogger log
INFO: Start of solver :getFeasiblePins() : Wed Apr 15 23:35:59 CEST 2026


Apr 15, 2026 11:35:59 PM java.util.logging.LogManager$RootLogger log
INFO: 
timeout(ask_feasible_mapping([reserved([ccu8,GLOBAL_CCU80sv0,global],'global_ccu8$1465655520$0'),
reserved([scu,_,gcu,ccu8_global_enable,GLOBAL_CCU80sv0],'global_ccu8$1118816002$0'),
reserved([scu,0,clkctrl,0,pll],'clock_xmc4$01551378862$0'),
reserved([scu,0,clkctrl,0,sys],'clock_xmc4$01551375569$0'),
reserved([scu,0,clkctrl,0,cpu],'clock_xmc4$01551391222$0'),
reserved([scu,0,clkctrl,0,perbridge],'clock_xmc4$494804424$0'),
reserved([scu,0,clkctrl,0,ebu],'clock_xmc4$01551389734$0'),
reserved([scu,0,clkctrl,0,ccu],'clock_xmc4$01551391625$0'),
reserved([scu,0,clkctrl,0,wdt],'clock_xmc4$01551372375$0'),
reserved([scu,0,clkctrl,0,usb],'clock_xmc4$01551373850$0'),
reserved([scu,0,clkctrl,0,sdmmc],'clock_xmc4$01551381723$0'),
reserved([scu,0,pwrctrl,0,hibernate],'clock_xmc4$0778278092$0'),
reserved([scu,0,rtcclksel],'clock_xmc4$1142722683$0'),
reserved([scu,0,trap,0,sysoscwd],'clock_xmc4$1091210735$0'),
reserved([scu,0,trap,0,sysvcolock],'clock_xmc4$1586947406$0'),
reserved([scu,0,trap,0,usbvcolock],'clock_xmc4$0261647995$0'),
reserved([scu,0,trap,0,ulpwdg],'clock_xmc4$01047137491$0'),
reserved([ccu8,_,cc8,_],'pwm_ccu8$01113979708$0'),
reserved([p,_,pad,_],'pwm_ccu8$1493401886$0'),
reserved([p,_,pad,_],'pwm_ccu8$1493401887$0'),
reserved([p,_,pad,_],'pwm_ccu8$1522031039$0'),
reserved([p,_,pad,_],'pwm_ccu8$1522031040$0'),
reserved([devicepackage,0,_],'pwm_ccu8$0353352492$0'),
reserved([devicepackage,0,_],'pwm_ccu8$0353352491$0'),
uri([devicepackage,0,105],'pwm_ccu8$0353352491$0'),
reserved([devicepackage,0,_],'pwm_ccu8$0324723339$0'),
reserved([devicepackage,0,_],'pwm_ccu8$0324723338$0'),
signal('global_ccu8$1465655520$0',global_signal,'global_ccu8$1465655520$0$global_signal'),
signal('global_ccu8$1465655520$0',clk,'global_ccu8$1465655520$0$clk'),
signal('global_ccu8$1118816002$0',gsc_enable,'global_ccu8$1118816002$0$gsc_enable'),
signal('clock_xmc4$494804424$0',fpb,'clock_xmc4$494804424$0$fpb'),
signal('clock_xmc4$01551391625$0',fccu,'clock_xmc4$01551391625$0$fccu'),
signal('pwm_ccu8$01113979708$0',global_signal,'pwm_ccu8$01113979708$0$global_signal'),
signal('pwm_ccu8$01113979708$0',st,'pwm_ccu8$01113979708$0$st'),
signal('pwm_ccu8$01113979708$0',sta,'pwm_ccu8$01113979708$0$sta'),
signal('pwm_ccu8$01113979708$0',stb,'pwm_ccu8$01113979708$0$stb'),
signal('pwm_ccu8$01113979708$0',out0,'pwm_ccu8$01113979708$0$out0'),
signal('pwm_ccu8$01113979708$0',out1,'pwm_ccu8$01113979708$0$out1'),
signal('pwm_ccu8$01113979708$0',out2,'pwm_ccu8$01113979708$0$out2'),
signal('pwm_ccu8$01113979708$0',out3,'pwm_ccu8$01113979708$0$out3'),
signal('pwm_ccu8$01113979708$0',gp0_unsync,'pwm_ccu8$01113979708$0$gp0_unsync'),
signal('pwm_ccu8$01113979708$0',gp1_unsync,'pwm_ccu8$01113979708$0$gp1_unsync'),
signal('pwm_ccu8$01113979708$0',gp2_unsync,'pwm_ccu8$01113979708$0$gp2_unsync'),
signal('pwm_ccu8$01113979708$0',gp0,'pwm_ccu8$01113979708$0$gp0'),
signal('pwm_ccu8$01113979708$0',gp1,'pwm_ccu8$01113979708$0$gp1'),
signal('pwm_ccu8$01113979708$0',gp2,'pwm_ccu8$01113979708$0$gp2'),
signal('pwm_ccu8$01113979708$0',ps,'pwm_ccu8$01113979708$0$ps'),
signal('pwm_ccu8$01113979708$0',mci0,'pwm_ccu8$01113979708$0$mci0'),
signal('pwm_ccu8$01113979708$0',mci1,'pwm_ccu8$01113979708$0$mci1'),
signal('pwm_ccu8$01113979708$0',mci2,'pwm_ccu8$01113979708$0$mci2'),
signal('pwm_ccu8$01113979708$0',mci3,'pwm_ccu8$01113979708$0$mci3'),
signal('pwm_ccu8$01113979708$0',mcss,'pwm_ccu8$01113979708$0$mcss'),
signal('pwm_ccu8$1493401886$0',pad,'pwm_ccu8$1493401886$0$pad'),
signal('pwm_ccu8$1493401887$0',pad,'pwm_ccu8$1493401887$0$pad'),
signal('pwm_ccu8$1522031039$0',pad,'pwm_ccu8$1522031039$0$pad'),
signal('pwm_ccu8$1522031040$0',pad,'pwm_ccu8$1522031040$0$pad'),
signal('pwm_ccu8$0353352492$0',pin,'pwm_ccu8$0353352492$0$pin'),
signal('pwm_ccu8$0353352491$0',pin,'pwm_ccu8$0353352491$0$pin'),
signal('pwm_ccu8$0324723339$0',pin,'pwm_ccu8$0324723339$0$pin'),
signal('pwm_ccu8$0324723338$0',pin,'pwm_ccu8$0324723338$0$pin'),
connected('clock_xmc4$01551391625$0$fccu','global_ccu8$1465655520$0$clk',1),
connected('global_ccu8$1465655520$0$global_signal','pwm_ccu8$01113979708$0$global_signal',1),
connected('pwm_ccu8$0353352492$0$pin','pwm_ccu8$1493401886$0$pad',1),
connected('pwm_ccu8$0353352491$0$pin','pwm_ccu8$1493401887$0$pad',1),
connected('pwm_ccu8$0324723339$0$pin','pwm_ccu8$1522031039$0$pad',1),
connected('pwm_ccu8$0324723338$0$pin','pwm_ccu8$1522031040$0$pad',1),
connected('pwm_ccu8$01113979708$0$out0','pwm_ccu8$1493401886$0$pad',1),
connected('pwm_ccu8$01113979708$0$out1','pwm_ccu8$1493401887$0$pad',1),
connected('pwm_ccu8$01113979708$0$out2','pwm_ccu8$1522031039$0$pad',1),
connected('pwm_ccu8$01113979708$0$out3','pwm_ccu8$1522031040$0$pad',1),
connected('pwm_ccu8$1493401886$0$pad','pwm_ccu8$0353352492$0$pin',1),
connected('pwm_ccu8$1493401887$0$pad','pwm_ccu8$0353352491$0$pin',1),
connected('pwm_ccu8$1522031039$0$pad','pwm_ccu8$0324723339$0$pin',1),
connected('pwm_ccu8$1522031040$0$pad','pwm_ccu8$0324723338$0$pin',1)],'pwm_ccu8$0353352492$0',Result),15,writeln(timeout),all_solution, Timer, Due, Remainder).



Apr 15, 2026 11:35:59 PM java.util.logging.LogManager$RootLogger log
INFO: 
End of solver : getFeasiblePins() :  Difference in ms 343


Apr 15, 2026 11:35:59 PM java.util.logging.LogManager$RootLogger log
INFO: [/devicepackage/0/107, /devicepackage/0/102]


Apr 15, 2026 11:37:25 PM java.util.logging.LogManager$RootLogger log
INFO: Start of solver :getFeasiblePins() : Wed Apr 15 23:37:25 CEST 2026


Apr 15, 2026 11:37:25 PM java.util.logging.LogManager$RootLogger log
INFO: 
timeout(ask_feasible_mapping([reserved([ccu8,GLOBAL_CCU80sv0,global],'global_ccu8$1465655520$0'),
reserved([scu,_,gcu,ccu8_global_enable,GLOBAL_CCU80sv0],'global_ccu8$1118816002$0'),
reserved([scu,0,clkctrl,0,pll],'clock_xmc4$01551378862$0'),
reserved([scu,0,clkctrl,0,sys],'clock_xmc4$01551375569$0'),
reserved([scu,0,clkctrl,0,cpu],'clock_xmc4$01551391222$0'),
reserved([scu,0,clkctrl,0,perbridge],'clock_xmc4$494804424$0'),
reserved([scu,0,clkctrl,0,ebu],'clock_xmc4$01551389734$0'),
reserved([scu,0,clkctrl,0,ccu],'clock_xmc4$01551391625$0'),
reserved([scu,0,clkctrl,0,wdt],'clock_xmc4$01551372375$0'),
reserved([scu,0,clkctrl,0,usb],'clock_xmc4$01551373850$0'),
reserved([scu,0,clkctrl,0,sdmmc],'clock_xmc4$01551381723$0'),
reserved([scu,0,pwrctrl,0,hibernate],'clock_xmc4$0778278092$0'),
reserved([scu,0,rtcclksel],'clock_xmc4$1142722683$0'),
reserved([scu,0,trap,0,sysoscwd],'clock_xmc4$1091210735$0'),
reserved([scu,0,trap,0,sysvcolock],'clock_xmc4$1586947406$0'),
reserved([scu,0,trap,0,usbvcolock],'clock_xmc4$0261647995$0'),
reserved([scu,0,trap,0,ulpwdg],'clock_xmc4$01047137491$0'),
reserved([ccu8,_,cc8,_],'pwm_ccu8$01113979708$0'),
reserved([p,_,pad,_],'pwm_ccu8$1493401886$0'),
reserved([p,_,pad,_],'pwm_ccu8$1493401887$0'),
reserved([p,_,pad,_],'pwm_ccu8$1522031039$0'),
reserved([p,_,pad,_],'pwm_ccu8$1522031040$0'),
reserved([devicepackage,0,_],'pwm_ccu8$0353352492$0'),
uri([devicepackage,0,107],'pwm_ccu8$0353352492$0'),
reserved([devicepackage,0,_],'pwm_ccu8$0353352491$0'),
uri([devicepackage,0,105],'pwm_ccu8$0353352491$0'),
reserved([devicepackage,0,_],'pwm_ccu8$0324723339$0'),
reserved([devicepackage,0,_],'pwm_ccu8$0324723338$0'),
signal('global_ccu8$1465655520$0',global_signal,'global_ccu8$1465655520$0$global_signal'),
signal('global_ccu8$1465655520$0',clk,'global_ccu8$1465655520$0$clk'),
signal('global_ccu8$1118816002$0',gsc_enable,'global_ccu8$1118816002$0$gsc_enable'),
signal('clock_xmc4$494804424$0',fpb,'clock_xmc4$494804424$0$fpb'),
signal('clock_xmc4$01551391625$0',fccu,'clock_xmc4$01551391625$0$fccu'),
signal('pwm_ccu8$01113979708$0',global_signal,'pwm_ccu8$01113979708$0$global_signal'),
signal('pwm_ccu8$01113979708$0',st,'pwm_ccu8$01113979708$0$st'),
signal('pwm_ccu8$01113979708$0',sta,'pwm_ccu8$01113979708$0$sta'),
signal('pwm_ccu8$01113979708$0',stb,'pwm_ccu8$01113979708$0$stb'),
signal('pwm_ccu8$01113979708$0',out0,'pwm_ccu8$01113979708$0$out0'),
signal('pwm_ccu8$01113979708$0',out1,'pwm_ccu8$01113979708$0$out1'),
signal('pwm_ccu8$01113979708$0',out2,'pwm_ccu8$01113979708$0$out2'),
signal('pwm_ccu8$01113979708$0',out3,'pwm_ccu8$01113979708$0$out3'),
signal('pwm_ccu8$01113979708$0',gp0_unsync,'pwm_ccu8$01113979708$0$gp0_unsync'),
signal('pwm_ccu8$01113979708$0',gp1_unsync,'pwm_ccu8$01113979708$0$gp1_unsync'),
signal('pwm_ccu8$01113979708$0',gp2_unsync,'pwm_ccu8$01113979708$0$gp2_unsync'),
signal('pwm_ccu8$01113979708$0',gp0,'pwm_ccu8$01113979708$0$gp0'),
signal('pwm_ccu8$01113979708$0',gp1,'pwm_ccu8$01113979708$0$gp1'),
signal('pwm_ccu8$01113979708$0',gp2,'pwm_ccu8$01113979708$0$gp2'),
signal('pwm_ccu8$01113979708$0',ps,'pwm_ccu8$01113979708$0$ps'),
signal('pwm_ccu8$01113979708$0',mci0,'pwm_ccu8$01113979708$0$mci0'),
signal('pwm_ccu8$01113979708$0',mci1,'pwm_ccu8$01113979708$0$mci1'),
signal('pwm_ccu8$01113979708$0',mci2,'pwm_ccu8$01113979708$0$mci2'),
signal('pwm_ccu8$01113979708$0',mci3,'pwm_ccu8$01113979708$0$mci3'),
signal('pwm_ccu8$01113979708$0',mcss,'pwm_ccu8$01113979708$0$mcss'),
signal('pwm_ccu8$1493401886$0',pad,'pwm_ccu8$1493401886$0$pad'),
signal('pwm_ccu8$1493401887$0',pad,'pwm_ccu8$1493401887$0$pad'),
signal('pwm_ccu8$1522031039$0',pad,'pwm_ccu8$1522031039$0$pad'),
signal('pwm_ccu8$1522031040$0',pad,'pwm_ccu8$1522031040$0$pad'),
signal('pwm_ccu8$0353352492$0',pin,'pwm_ccu8$0353352492$0$pin'),
signal('pwm_ccu8$0353352491$0',pin,'pwm_ccu8$0353352491$0$pin'),
signal('pwm_ccu8$0324723339$0',pin,'pwm_ccu8$0324723339$0$pin'),
signal('pwm_ccu8$0324723338$0',pin,'pwm_ccu8$0324723338$0$pin'),
connected('clock_xmc4$01551391625$0$fccu','global_ccu8$1465655520$0$clk',1),
connected('global_ccu8$1465655520$0$global_signal','pwm_ccu8$01113979708$0$global_signal',1),
connected('pwm_ccu8$0353352492$0$pin','pwm_ccu8$1493401886$0$pad',1),
connected('pwm_ccu8$0353352491$0$pin','pwm_ccu8$1493401887$0$pad',1),
connected('pwm_ccu8$0324723339$0$pin','pwm_ccu8$1522031039$0$pad',1),
connected('pwm_ccu8$0324723338$0$pin','pwm_ccu8$1522031040$0$pad',1),
connected('pwm_ccu8$01113979708$0$out0','pwm_ccu8$1493401886$0$pad',1),
connected('pwm_ccu8$01113979708$0$out1','pwm_ccu8$1493401887$0$pad',1),
connected('pwm_ccu8$01113979708$0$out2','pwm_ccu8$1522031039$0$pad',1),
connected('pwm_ccu8$01113979708$0$out3','pwm_ccu8$1522031040$0$pad',1),
connected('pwm_ccu8$1493401886$0$pad','pwm_ccu8$0353352492$0$pin',1),
connected('pwm_ccu8$1493401887$0$pad','pwm_ccu8$0353352491$0$pin',1),
connected('pwm_ccu8$1522031039$0$pad','pwm_ccu8$0324723339$0$pin',1),
connected('pwm_ccu8$1522031040$0$pad','pwm_ccu8$0324723338$0$pin',1)],'pwm_ccu8$0324723339$0',Result),15,writeln(timeout),all_solution, Timer, Due, Remainder).



Apr 15, 2026 11:37:25 PM java.util.logging.LogManager$RootLogger log
INFO: 
End of solver : getFeasiblePins() :  Difference in ms 207


Apr 15, 2026 11:37:25 PM java.util.logging.LogManager$RootLogger log
INFO: [/devicepackage/0/79]


Apr 15, 2026 11:37:25 PM java.util.logging.LogManager$RootLogger log
INFO: Start of solver :getFeasiblePins() : Wed Apr 15 23:37:25 CEST 2026


Apr 15, 2026 11:37:25 PM java.util.logging.LogManager$RootLogger log
INFO: 
timeout(ask_feasible_mapping([reserved([ccu8,GLOBAL_CCU80sv0,global],'global_ccu8$1465655520$0'),
reserved([scu,_,gcu,ccu8_global_enable,GLOBAL_CCU80sv0],'global_ccu8$1118816002$0'),
reserved([scu,0,clkctrl,0,pll],'clock_xmc4$01551378862$0'),
reserved([scu,0,clkctrl,0,sys],'clock_xmc4$01551375569$0'),
reserved([scu,0,clkctrl,0,cpu],'clock_xmc4$01551391222$0'),
reserved([scu,0,clkctrl,0,perbridge],'clock_xmc4$494804424$0'),
reserved([scu,0,clkctrl,0,ebu],'clock_xmc4$01551389734$0'),
reserved([scu,0,clkctrl,0,ccu],'clock_xmc4$01551391625$0'),
reserved([scu,0,clkctrl,0,wdt],'clock_xmc4$01551372375$0'),
reserved([scu,0,clkctrl,0,usb],'clock_xmc4$01551373850$0'),
reserved([scu,0,clkctrl,0,sdmmc],'clock_xmc4$01551381723$0'),
reserved([scu,0,pwrctrl,0,hibernate],'clock_xmc4$0778278092$0'),
reserved([scu,0,rtcclksel],'clock_xmc4$1142722683$0'),
reserved([scu,0,trap,0,sysoscwd],'clock_xmc4$1091210735$0'),
reserved([scu,0,trap,0,sysvcolock],'clock_xmc4$1586947406$0'),
reserved([scu,0,trap,0,usbvcolock],'clock_xmc4$0261647995$0'),
reserved([scu,0,trap,0,ulpwdg],'clock_xmc4$01047137491$0'),
reserved([ccu8,_,cc8,_],'pwm_ccu8$01113979708$0'),
reserved([p,_,pad,_],'pwm_ccu8$1493401886$0'),
reserved([p,_,pad,_],'pwm_ccu8$1493401887$0'),
reserved([p,_,pad,_],'pwm_ccu8$1522031039$0'),
reserved([p,_,pad,_],'pwm_ccu8$1522031040$0'),
reserved([devicepackage,0,_],'pwm_ccu8$0353352492$0'),
uri([devicepackage,0,107],'pwm_ccu8$0353352492$0'),
reserved([devicepackage,0,_],'pwm_ccu8$0353352491$0'),
uri([devicepackage,0,105],'pwm_ccu8$0353352491$0'),
reserved([devicepackage,0,_],'pwm_ccu8$0324723339$0'),
reserved([devicepackage,0,_],'pwm_ccu8$0324723338$0'),
signal('global_ccu8$1465655520$0',global_signal,'global_ccu8$1465655520$0$global_signal'),
signal('global_ccu8$1465655520$0',clk,'global_ccu8$1465655520$0$clk'),
signal('global_ccu8$1118816002$0',gsc_enable,'global_ccu8$1118816002$0$gsc_enable'),
signal('clock_xmc4$494804424$0',fpb,'clock_xmc4$494804424$0$fpb'),
signal('clock_xmc4$01551391625$0',fccu,'clock_xmc4$01551391625$0$fccu'),
signal('pwm_ccu8$01113979708$0',global_signal,'pwm_ccu8$01113979708$0$global_signal'),
signal('pwm_ccu8$01113979708$0',st,'pwm_ccu8$01113979708$0$st'),
signal('pwm_ccu8$01113979708$0',sta,'pwm_ccu8$01113979708$0$sta'),
signal('pwm_ccu8$01113979708$0',stb,'pwm_ccu8$01113979708$0$stb'),
signal('pwm_ccu8$01113979708$0',out0,'pwm_ccu8$01113979708$0$out0'),
signal('pwm_ccu8$01113979708$0',out1,'pwm_ccu8$01113979708$0$out1'),
signal('pwm_ccu8$01113979708$0',out2,'pwm_ccu8$01113979708$0$out2'),
signal('pwm_ccu8$01113979708$0',out3,'pwm_ccu8$01113979708$0$out3'),
signal('pwm_ccu8$01113979708$0',gp0_unsync,'pwm_ccu8$01113979708$0$gp0_unsync'),
signal('pwm_ccu8$01113979708$0',gp1_unsync,'pwm_ccu8$01113979708$0$gp1_unsync'),
signal('pwm_ccu8$01113979708$0',gp2_unsync,'pwm_ccu8$01113979708$0$gp2_unsync'),
signal('pwm_ccu8$01113979708$0',gp0,'pwm_ccu8$01113979708$0$gp0'),
signal('pwm_ccu8$01113979708$0',gp1,'pwm_ccu8$01113979708$0$gp1'),
signal('pwm_ccu8$01113979708$0',gp2,'pwm_ccu8$01113979708$0$gp2'),
signal('pwm_ccu8$01113979708$0',ps,'pwm_ccu8$01113979708$0$ps'),
signal('pwm_ccu8$01113979708$0',mci0,'pwm_ccu8$01113979708$0$mci0'),
signal('pwm_ccu8$01113979708$0',mci1,'pwm_ccu8$01113979708$0$mci1'),
signal('pwm_ccu8$01113979708$0',mci2,'pwm_ccu8$01113979708$0$mci2'),
signal('pwm_ccu8$01113979708$0',mci3,'pwm_ccu8$01113979708$0$mci3'),
signal('pwm_ccu8$01113979708$0',mcss,'pwm_ccu8$01113979708$0$mcss'),
signal('pwm_ccu8$1493401886$0',pad,'pwm_ccu8$1493401886$0$pad'),
signal('pwm_ccu8$1493401887$0',pad,'pwm_ccu8$1493401887$0$pad'),
signal('pwm_ccu8$1522031039$0',pad,'pwm_ccu8$1522031039$0$pad'),
signal('pwm_ccu8$1522031040$0',pad,'pwm_ccu8$1522031040$0$pad'),
signal('pwm_ccu8$0353352492$0',pin,'pwm_ccu8$0353352492$0$pin'),
signal('pwm_ccu8$0353352491$0',pin,'pwm_ccu8$0353352491$0$pin'),
signal('pwm_ccu8$0324723339$0',pin,'pwm_ccu8$0324723339$0$pin'),
signal('pwm_ccu8$0324723338$0',pin,'pwm_ccu8$0324723338$0$pin'),
connected('clock_xmc4$01551391625$0$fccu','global_ccu8$1465655520$0$clk',1),
connected('global_ccu8$1465655520$0$global_signal','pwm_ccu8$01113979708$0$global_signal',1),
connected('pwm_ccu8$0353352492$0$pin','pwm_ccu8$1493401886$0$pad',1),
connected('pwm_ccu8$0353352491$0$pin','pwm_ccu8$1493401887$0$pad',1),
connected('pwm_ccu8$0324723339$0$pin','pwm_ccu8$1522031039$0$pad',1),
connected('pwm_ccu8$0324723338$0$pin','pwm_ccu8$1522031040$0$pad',1),
connected('pwm_ccu8$01113979708$0$out0','pwm_ccu8$1493401886$0$pad',1),
connected('pwm_ccu8$01113979708$0$out1','pwm_ccu8$1493401887$0$pad',1),
connected('pwm_ccu8$01113979708$0$out2','pwm_ccu8$1522031039$0$pad',1),
connected('pwm_ccu8$01113979708$0$out3','pwm_ccu8$1522031040$0$pad',1),
connected('pwm_ccu8$1493401886$0$pad','pwm_ccu8$0353352492$0$pin',1),
connected('pwm_ccu8$1493401887$0$pad','pwm_ccu8$0353352491$0$pin',1),
connected('pwm_ccu8$1522031039$0$pad','pwm_ccu8$0324723339$0$pin',1),
connected('pwm_ccu8$1522031040$0$pad','pwm_ccu8$0324723338$0$pin',1)],'pwm_ccu8$0324723339$0',Result),15,writeln(timeout),all_solution, Timer, Due, Remainder).



Apr 15, 2026 11:37:25 PM java.util.logging.LogManager$RootLogger log
INFO: 
End of solver : getFeasiblePins() :  Difference in ms 203


Apr 15, 2026 11:37:25 PM java.util.logging.LogManager$RootLogger log
INFO: [/devicepackage/0/79]


Apr 15, 2026 11:37:29 PM java.util.logging.LogManager$RootLogger log
INFO: Start of solver :getFeasiblePins() : Wed Apr 15 23:37:29 CEST 2026


Apr 15, 2026 11:37:29 PM java.util.logging.LogManager$RootLogger log
INFO: 
timeout(ask_feasible_mapping([reserved([ccu8,GLOBAL_CCU80sv0,global],'global_ccu8$1465655520$0'),
reserved([scu,_,gcu,ccu8_global_enable,GLOBAL_CCU80sv0],'global_ccu8$1118816002$0'),
reserved([scu,0,clkctrl,0,pll],'clock_xmc4$01551378862$0'),
reserved([scu,0,clkctrl,0,sys],'clock_xmc4$01551375569$0'),
reserved([scu,0,clkctrl,0,cpu],'clock_xmc4$01551391222$0'),
reserved([scu,0,clkctrl,0,perbridge],'clock_xmc4$494804424$0'),
reserved([scu,0,clkctrl,0,ebu],'clock_xmc4$01551389734$0'),
reserved([scu,0,clkctrl,0,ccu],'clock_xmc4$01551391625$0'),
reserved([scu,0,clkctrl,0,wdt],'clock_xmc4$01551372375$0'),
reserved([scu,0,clkctrl,0,usb],'clock_xmc4$01551373850$0'),
reserved([scu,0,clkctrl,0,sdmmc],'clock_xmc4$01551381723$0'),
reserved([scu,0,pwrctrl,0,hibernate],'clock_xmc4$0778278092$0'),
reserved([scu,0,rtcclksel],'clock_xmc4$1142722683$0'),
reserved([scu,0,trap,0,sysoscwd],'clock_xmc4$1091210735$0'),
reserved([scu,0,trap,0,sysvcolock],'clock_xmc4$1586947406$0'),
reserved([scu,0,trap,0,usbvcolock],'clock_xmc4$0261647995$0'),
reserved([scu,0,trap,0,ulpwdg],'clock_xmc4$01047137491$0'),
reserved([ccu8,_,cc8,_],'pwm_ccu8$01113979708$0'),
reserved([p,_,pad,_],'pwm_ccu8$1493401886$0'),
reserved([p,_,pad,_],'pwm_ccu8$1493401887$0'),
reserved([p,_,pad,_],'pwm_ccu8$1522031039$0'),
reserved([p,_,pad,_],'pwm_ccu8$1522031040$0'),
reserved([devicepackage,0,_],'pwm_ccu8$0353352492$0'),
uri([devicepackage,0,107],'pwm_ccu8$0353352492$0'),
reserved([devicepackage,0,_],'pwm_ccu8$0353352491$0'),
uri([devicepackage,0,105],'pwm_ccu8$0353352491$0'),
reserved([devicepackage,0,_],'pwm_ccu8$0324723339$0'),
reserved([devicepackage,0,_],'pwm_ccu8$0324723338$0'),
signal('global_ccu8$1465655520$0',global_signal,'global_ccu8$1465655520$0$global_signal'),
signal('global_ccu8$1465655520$0',clk,'global_ccu8$1465655520$0$clk'),
signal('global_ccu8$1118816002$0',gsc_enable,'global_ccu8$1118816002$0$gsc_enable'),
signal('clock_xmc4$494804424$0',fpb,'clock_xmc4$494804424$0$fpb'),
signal('clock_xmc4$01551391625$0',fccu,'clock_xmc4$01551391625$0$fccu'),
signal('pwm_ccu8$01113979708$0',global_signal,'pwm_ccu8$01113979708$0$global_signal'),
signal('pwm_ccu8$01113979708$0',st,'pwm_ccu8$01113979708$0$st'),
signal('pwm_ccu8$01113979708$0',sta,'pwm_ccu8$01113979708$0$sta'),
signal('pwm_ccu8$01113979708$0',stb,'pwm_ccu8$01113979708$0$stb'),
signal('pwm_ccu8$01113979708$0',out0,'pwm_ccu8$01113979708$0$out0'),
signal('pwm_ccu8$01113979708$0',out1,'pwm_ccu8$01113979708$0$out1'),
signal('pwm_ccu8$01113979708$0',out2,'pwm_ccu8$01113979708$0$out2'),
signal('pwm_ccu8$01113979708$0',out3,'pwm_ccu8$01113979708$0$out3'),
signal('pwm_ccu8$01113979708$0',gp0_unsync,'pwm_ccu8$01113979708$0$gp0_unsync'),
signal('pwm_ccu8$01113979708$0',gp1_unsync,'pwm_ccu8$01113979708$0$gp1_unsync'),
signal('pwm_ccu8$01113979708$0',gp2_unsync,'pwm_ccu8$01113979708$0$gp2_unsync'),
signal('pwm_ccu8$01113979708$0',gp0,'pwm_ccu8$01113979708$0$gp0'),
signal('pwm_ccu8$01113979708$0',gp1,'pwm_ccu8$01113979708$0$gp1'),
signal('pwm_ccu8$01113979708$0',gp2,'pwm_ccu8$01113979708$0$gp2'),
signal('pwm_ccu8$01113979708$0',ps,'pwm_ccu8$01113979708$0$ps'),
signal('pwm_ccu8$01113979708$0',mci0,'pwm_ccu8$01113979708$0$mci0'),
signal('pwm_ccu8$01113979708$0',mci1,'pwm_ccu8$01113979708$0$mci1'),
signal('pwm_ccu8$01113979708$0',mci2,'pwm_ccu8$01113979708$0$mci2'),
signal('pwm_ccu8$01113979708$0',mci3,'pwm_ccu8$01113979708$0$mci3'),
signal('pwm_ccu8$01113979708$0',mcss,'pwm_ccu8$01113979708$0$mcss'),
signal('pwm_ccu8$1493401886$0',pad,'pwm_ccu8$1493401886$0$pad'),
signal('pwm_ccu8$1493401887$0',pad,'pwm_ccu8$1493401887$0$pad'),
signal('pwm_ccu8$1522031039$0',pad,'pwm_ccu8$1522031039$0$pad'),
signal('pwm_ccu8$1522031040$0',pad,'pwm_ccu8$1522031040$0$pad'),
signal('pwm_ccu8$0353352492$0',pin,'pwm_ccu8$0353352492$0$pin'),
signal('pwm_ccu8$0353352491$0',pin,'pwm_ccu8$0353352491$0$pin'),
signal('pwm_ccu8$0324723339$0',pin,'pwm_ccu8$0324723339$0$pin'),
signal('pwm_ccu8$0324723338$0',pin,'pwm_ccu8$0324723338$0$pin'),
connected('clock_xmc4$01551391625$0$fccu','global_ccu8$1465655520$0$clk',1),
connected('global_ccu8$1465655520$0$global_signal','pwm_ccu8$01113979708$0$global_signal',1),
connected('pwm_ccu8$0353352492$0$pin','pwm_ccu8$1493401886$0$pad',1),
connected('pwm_ccu8$0353352491$0$pin','pwm_ccu8$1493401887$0$pad',1),
connected('pwm_ccu8$0324723339$0$pin','pwm_ccu8$1522031039$0$pad',1),
connected('pwm_ccu8$0324723338$0$pin','pwm_ccu8$1522031040$0$pad',1),
connected('pwm_ccu8$01113979708$0$out0','pwm_ccu8$1493401886$0$pad',1),
connected('pwm_ccu8$01113979708$0$out1','pwm_ccu8$1493401887$0$pad',1),
connected('pwm_ccu8$01113979708$0$out2','pwm_ccu8$1522031039$0$pad',1),
connected('pwm_ccu8$01113979708$0$out3','pwm_ccu8$1522031040$0$pad',1),
connected('pwm_ccu8$1493401886$0$pad','pwm_ccu8$0353352492$0$pin',1),
connected('pwm_ccu8$1493401887$0$pad','pwm_ccu8$0353352491$0$pin',1),
connected('pwm_ccu8$1522031039$0$pad','pwm_ccu8$0324723339$0$pin',1),
connected('pwm_ccu8$1522031040$0$pad','pwm_ccu8$0324723338$0$pin',1)],'pwm_ccu8$0324723338$0',Result),15,writeln(timeout),all_solution, Timer, Due, Remainder).



Apr 15, 2026 11:37:29 PM java.util.logging.LogManager$RootLogger log
INFO: 
End of solver : getFeasiblePins() :  Difference in ms 203


Apr 15, 2026 11:37:29 PM java.util.logging.LogManager$RootLogger log
INFO: [/devicepackage/0/80]


